  additionally.c
  box.c
  main.c
  yolov2_forward_network.c
  yolov2_forward_network_quantized.c
C:\skeleton\src\box.c(101,12): warning C4244: 'return': 'double'에서 'float'(으)로 변환하면서 데이터가 손실될 수 있습니다.
C:\skeleton\src\box.c(139,16): warning C4305: '초기화 중': 'double'에서 'float'(으)로 잘립니다.
C:\skeleton\src\box.c(140,19): warning C4305: '초기화 중': 'double'에서 'float'(으)로 잘립니다.
C:\skeleton\src\box.c(141,22): warning C4305: '초기화 중': 'double'에서 'float'(으)로 잘립니다.
C:\skeleton\src\box.c(142,25): warning C4305: '초기화 중': 'double'에서 'float'(으)로 잘립니다.
C:\skeleton\src\box.c(144,22): warning C4305: '초기화 중': 'double'에서 'float'(으)로 잘립니다.
C:\skeleton\src\box.c(144,26): warning C4305: '초기화 중': 'double'에서 'float'(으)로 잘립니다.
C:\skeleton\src\box.c(161,16): warning C4305: '초기화 중': 'double'에서 'float'(으)로 잘립니다.
C:\skeleton\src\box.c(162,19): warning C4305: '초기화 중': 'double'에서 'float'(으)로 잘립니다.
C:\skeleton\src\box.c(163,22): warning C4305: '초기화 중': 'double'에서 'float'(으)로 잘립니다.
C:\skeleton\src\box.c(164,25): warning C4305: '초기화 중': 'double'에서 'float'(으)로 잘립니다.
C:\skeleton\src\box.c(166,22): warning C4305: '초기화 중': 'double'에서 'float'(으)로 잘립니다.
C:\skeleton\src\box.c(166,26): warning C4305: '초기화 중': 'double'에서 'float'(으)로 잘립니다.
C:\skeleton\src\box.c(186,16): warning C4305: '초기화 중': 'double'에서 'float'(으)로 잘립니다.
C:\skeleton\src\box.c(187,19): warning C4305: '초기화 중': 'double'에서 'float'(으)로 잘립니다.
C:\skeleton\src\box.c(188,22): warning C4305: '초기화 중': 'double'에서 'float'(으)로 잘립니다.
C:\skeleton\src\box.c(189,25): warning C4305: '초기화 중': 'double'에서 'float'(으)로 잘립니다.
C:\skeleton\src\box.c(191,21): warning C4305: '초기화 중': 'double'에서 'float'(으)로 잘립니다.
C:\skeleton\src\box.c(191,25): warning C4305: '초기화 중': 'double'에서 'float'(으)로 잘립니다.
C:\skeleton\src\box.c(226,51): warning C4244: '=': 'double'에서 'float'(으)로 변환하면서 데이터가 손실될 수 있습니다.
C:\skeleton\src\box.c(227,51): warning C4244: '=': 'double'에서 'float'(으)로 변환하면서 데이터가 손실될 수 있습니다.
C:\skeleton\src\box.c(228,51): warning C4244: '=': 'double'에서 'float'(으)로 변환하면서 데이터가 손실될 수 있습니다.
C:\skeleton\src\box.c(229,51): warning C4244: '=': 'double'에서 'float'(으)로 변환하면서 데이터가 손실될 수 있습니다.
C:\skeleton\src\box.c(355,16): warning C4244: '=': 'double'에서 'float'(으)로 변환하면서 데이터가 손실될 수 있습니다.
C:\skeleton\src\box.c(356,16): warning C4244: '=': 'double'에서 'float'(으)로 변환하면서 데이터가 손실될 수 있습니다.
C:\skeleton\src\additionally.h(46,32): warning C4244: 'return': 'double'에서 'float'(으)로 변환하면서 데이터가 손실될 수 있습니다.
  (소스 파일 'src/yolov2_forward_network.c'을(를) 컴파일하는 중)
  
C:\skeleton\src\additionally.h(46,32): warning C4244: 'return': 'double'에서 'float'(으)로 변환하면서 데이터가 손실될 수 있습니다.
  (소스 파일 'src/main.c'을(를) 컴파일하는 중)
  
C:\skeleton\src\additionally.h(46,32): warning C4244: 'return': 'double'에서 'float'(으)로 변환하면서 데이터가 손실될 수 있습니다.
  (소스 파일 'src/additionally.c'을(를) 컴파일하는 중)
  
C:\skeleton\src\box.c(365,29): warning C4244: '=': 'double'에서 'float'(으)로 변환하면서 데이터가 손실될 수 있습니다.
C:\skeleton\src\additionally.h(47,29): warning C4244: 'return': 'double'에서 'float'(으)로 변환하면서 데이터가 손실될 수 있습니다.
  (소스 파일 'src/main.c'을(를) 컴파일하는 중)
  
C:\skeleton\src\additionally.h(47,29): warning C4244: 'return': 'double'에서 'float'(으)로 변환하면서 데이터가 손실될 수 있습니다.
  (소스 파일 'src/yolov2_forward_network.c'을(를) 컴파일하는 중)
  
C:\skeleton\src\box.c(366,29): warning C4244: '=': 'double'에서 'float'(으)로 변환하면서 데이터가 손실될 수 있습니다.
C:\skeleton\src\additionally.h(45,17): warning C4244: '초기화 중': 'double'에서 'int'(으)로 변환하면서 데이터가 손실될 수 있습니다.
  (소스 파일 'src/main.c'을(를) 컴파일하는 중)
  
C:\skeleton\src\additionally.h(45,17): warning C4244: '초기화 중': 'double'에서 'int'(으)로 변환하면서 데이터가 손실될 수 있습니다.
  (소스 파일 'src/yolov2_forward_network.c'을(를) 컴파일하는 중)
  
C:\skeleton\src\additionally.h(47,29): warning C4244: 'return': 'double'에서 'float'(으)로 변환하면서 데이터가 손실될 수 있습니다.
  (소스 파일 'src/additionally.c'을(를) 컴파일하는 중)
  
C:\skeleton\src\additionally.h(56,64): warning C4244: 'return': 'double'에서 'float'(으)로 변환하면서 데이터가 손실될 수 있습니다.
  (소스 파일 'src/yolov2_forward_network.c'을(를) 컴파일하는 중)
  
C:\skeleton\src\additionally.h(56,64): warning C4244: 'return': 'double'에서 'float'(으)로 변환하면서 데이터가 손실될 수 있습니다.
  (소스 파일 'src/main.c'을(를) 컴파일하는 중)
  
C:\skeleton\src\additionally.h(57,78): warning C4244: 'return': 'double'에서 'float'(으)로 변환하면서 데이터가 손실될 수 있습니다.
  (소스 파일 'src/main.c'을(를) 컴파일하는 중)
  
C:\skeleton\src\additionally.h(45,17): warning C4244: '초기화 중': 'double'에서 'int'(으)로 변환하면서 데이터가 손실될 수 있습니다.
  (소스 파일 'src/additionally.c'을(를) 컴파일하는 중)
  
C:\skeleton\src\additionally.h(57,78): warning C4244: 'return': 'double'에서 'float'(으)로 변환하면서 데이터가 손실될 수 있습니다.
  (소스 파일 'src/yolov2_forward_network.c'을(를) 컴파일하는 중)
  
C:\skeleton\src\additionally.h(59,67): warning C4244: 'return': 'double'에서 'float'(으)로 변환하면서 데이터가 손실될 수 있습니다.
  (소스 파일 'src/main.c'을(를) 컴파일하는 중)
  
C:\skeleton\src\additionally.h(60,64): warning C4244: 'return': 'double'에서 'float'(으)로 변환하면서 데이터가 손실될 수 있습니다.
  (소스 파일 'src/main.c'을(를) 컴파일하는 중)
  
C:\skeleton\src\additionally.h(56,64): warning C4244: 'return': 'double'에서 'float'(으)로 변환하면서 데이터가 손실될 수 있습니다.
  (소스 파일 'src/additionally.c'을(를) 컴파일하는 중)
  
C:\skeleton\src\additionally.h(59,67): warning C4244: 'return': 'double'에서 'float'(으)로 변환하면서 데이터가 손실될 수 있습니다.
  (소스 파일 'src/yolov2_forward_network.c'을(를) 컴파일하는 중)
  
C:\skeleton\src\additionally.h(57,78): warning C4244: 'return': 'double'에서 'float'(으)로 변환하면서 데이터가 손실될 수 있습니다.
  (소스 파일 'src/additionally.c'을(를) 컴파일하는 중)
  
C:\skeleton\src\additionally.h(61,65): warning C4244: 'return': 'double'에서 'float'(으)로 변환하면서 데이터가 손실될 수 있습니다.
  (소스 파일 'src/main.c'을(를) 컴파일하는 중)
  
C:\skeleton\src\additionally.h(60,64): warning C4244: 'return': 'double'에서 'float'(으)로 변환하면서 데이터가 손실될 수 있습니다.
  (소스 파일 'src/yolov2_forward_network.c'을(를) 컴파일하는 중)
  
C:\skeleton\src\additionally.h(61,65): warning C4244: 'return': 'double'에서 'float'(으)로 변환하면서 데이터가 손실될 수 있습니다.
  (소스 파일 'src/yolov2_forward_network.c'을(를) 컴파일하는 중)
  
C:\skeleton\src\additionally.h(59,67): warning C4244: 'return': 'double'에서 'float'(으)로 변환하면서 데이터가 손실될 수 있습니다.
  (소스 파일 'src/additionally.c'을(를) 컴파일하는 중)
  
C:\skeleton\src\additionally.h(62,64): warning C4244: 'return': 'double'에서 'float'(으)로 변환하면서 데이터가 손실될 수 있습니다.
  (소스 파일 'src/main.c'을(를) 컴파일하는 중)
  
C:\skeleton\src\additionally.h(62,64): warning C4244: 'return': 'double'에서 'float'(으)로 변환하면서 데이터가 손실될 수 있습니다.
  (소스 파일 'src/yolov2_forward_network.c'을(를) 컴파일하는 중)
  
C:\skeleton\src\additionally.h(60,64): warning C4244: 'return': 'double'에서 'float'(으)로 변환하면서 데이터가 손실될 수 있습니다.
  (소스 파일 'src/additionally.c'을(를) 컴파일하는 중)
  
C:\skeleton\src\additionally.h(63,74): warning C4244: 'return': 'double'에서 'float'(으)로 변환하면서 데이터가 손실될 수 있습니다.
  (소스 파일 'src/yolov2_forward_network.c'을(를) 컴파일하는 중)
  
C:\skeleton\src\additionally.h(61,65): warning C4244: 'return': 'double'에서 'float'(으)로 변환하면서 데이터가 손실될 수 있습니다.
  (소스 파일 'src/additionally.c'을(를) 컴파일하는 중)
  
C:\skeleton\src\additionally.h(63,74): warning C4244: 'return': 'double'에서 'float'(으)로 변환하면서 데이터가 손실될 수 있습니다.
  (소스 파일 'src/main.c'을(를) 컴파일하는 중)
  
C:\skeleton\src\additionally.h(66,32): warning C4244: 'return': 'double'에서 'float'(으)로 변환하면서 데이터가 손실될 수 있습니다.
  (소스 파일 'src/yolov2_forward_network.c'을(를) 컴파일하는 중)
  
C:\skeleton\src\additionally.h(62,64): warning C4244: 'return': 'double'에서 'float'(으)로 변환하면서 데이터가 손실될 수 있습니다.
  (소스 파일 'src/additionally.c'을(를) 컴파일하는 중)
  
C:\skeleton\src\additionally.h(67,42): warning C4244: 'return': 'double'에서 'float'(으)로 변환하면서 데이터가 손실될 수 있습니다.
  (소스 파일 'src/yolov2_forward_network.c'을(를) 컴파일하는 중)
  
C:\skeleton\src\additionally.h(68,23): warning C4244: 'return': 'double'에서 'float'(으)로 변환하면서 데이터가 손실될 수 있습니다.
  (소스 파일 'src/yolov2_forward_network.c'을(를) 컴파일하는 중)
  
C:\skeleton\src\additionally.h(63,74): warning C4244: 'return': 'double'에서 'float'(으)로 변환하면서 데이터가 손실될 수 있습니다.
  (소스 파일 'src/additionally.c'을(를) 컴파일하는 중)
  
C:\skeleton\src\additionally.h(66,32): warning C4244: 'return': 'double'에서 'float'(으)로 변환하면서 데이터가 손실될 수 있습니다.
  (소스 파일 'src/main.c'을(를) 컴파일하는 중)
  
C:\skeleton\src\additionally.h(73,31): warning C4244: 'return': 'double'에서 'float'(으)로 변환하면서 데이터가 손실될 수 있습니다.
  (소스 파일 'src/yolov2_forward_network.c'을(를) 컴파일하는 중)
  
C:\skeleton\src\additionally.h(67,42): warning C4244: 'return': 'double'에서 'float'(으)로 변환하면서 데이터가 손실될 수 있습니다.
  (소스 파일 'src/main.c'을(를) 컴파일하는 중)
  
C:\skeleton\src\additionally.h(74,40): warning C4244: 'return': 'double'에서 'float'(으)로 변환하면서 데이터가 손실될 수 있습니다.
  (소스 파일 'src/yolov2_forward_network.c'을(를) 컴파일하는 중)
  
C:\skeleton\src\additionally.h(66,32): warning C4244: 'return': 'double'에서 'float'(으)로 변환하면서 데이터가 손실될 수 있습니다.
  (소스 파일 'src/additionally.c'을(를) 컴파일하는 중)
  
C:\skeleton\src\additionally.h(67,42): warning C4244: 'return': 'double'에서 'float'(으)로 변환하면서 데이터가 손실될 수 있습니다.
  (소스 파일 'src/additionally.c'을(를) 컴파일하는 중)
  
C:\skeleton\src\additionally.h(68,23): warning C4244: 'return': 'double'에서 'float'(으)로 변환하면서 데이터가 손실될 수 있습니다.
  (소스 파일 'src/main.c'을(를) 컴파일하는 중)
  
C:\skeleton\src\additionally.h(68,23): warning C4244: 'return': 'double'에서 'float'(으)로 변환하면서 데이터가 손실될 수 있습니다.
  (소스 파일 'src/additionally.c'을(를) 컴파일하는 중)
  
C:\skeleton\src\additionally.h(73,31): warning C4244: 'return': 'double'에서 'float'(으)로 변환하면서 데이터가 손실될 수 있습니다.
  (소스 파일 'src/main.c'을(를) 컴파일하는 중)
  
C:\skeleton\src\additionally.h(73,31): warning C4244: 'return': 'double'에서 'float'(으)로 변환하면서 데이터가 손실될 수 있습니다.
  (소스 파일 'src/additionally.c'을(를) 컴파일하는 중)
  
C:\skeleton\src\additionally.h(74,40): warning C4244: 'return': 'double'에서 'float'(으)로 변환하면서 데이터가 손실될 수 있습니다.
  (소스 파일 'src/main.c'을(를) 컴파일하는 중)
  
C:\skeleton\src\additionally.h(74,40): warning C4244: 'return': 'double'에서 'float'(으)로 변환하면서 데이터가 손실될 수 있습니다.
  (소스 파일 'src/additionally.c'을(를) 컴파일하는 중)
  
C:\skeleton\src\additionally.h(46,32): warning C4244: 'return': 'double'에서 'float'(으)로 변환하면서 데이터가 손실될 수 있습니다.
  (소스 파일 'src/yolov2_forward_network_quantized.c'을(를) 컴파일하는 중)
  
C:\skeleton\src\additionally.h(47,29): warning C4244: 'return': 'double'에서 'float'(으)로 변환하면서 데이터가 손실될 수 있습니다.
  (소스 파일 'src/yolov2_forward_network_quantized.c'을(를) 컴파일하는 중)
  
C:\skeleton\src\additionally.h(45,17): warning C4244: '초기화 중': 'double'에서 'int'(으)로 변환하면서 데이터가 손실될 수 있습니다.
  (소스 파일 'src/yolov2_forward_network_quantized.c'을(를) 컴파일하는 중)
  
C:\skeleton\src\additionally.h(56,64): warning C4244: 'return': 'double'에서 'float'(으)로 변환하면서 데이터가 손실될 수 있습니다.
  (소스 파일 'src/yolov2_forward_network_quantized.c'을(를) 컴파일하는 중)
  
C:\skeleton\src\additionally.h(57,78): warning C4244: 'return': 'double'에서 'float'(으)로 변환하면서 데이터가 손실될 수 있습니다.
  (소스 파일 'src/yolov2_forward_network_quantized.c'을(를) 컴파일하는 중)
  
C:\skeleton\src\additionally.h(59,67): warning C4244: 'return': 'double'에서 'float'(으)로 변환하면서 데이터가 손실될 수 있습니다.
  (소스 파일 'src/yolov2_forward_network_quantized.c'을(를) 컴파일하는 중)
  
C:\skeleton\src\additionally.h(60,64): warning C4244: 'return': 'double'에서 'float'(으)로 변환하면서 데이터가 손실될 수 있습니다.
  (소스 파일 'src/yolov2_forward_network_quantized.c'을(를) 컴파일하는 중)
  
C:\skeleton\src\additionally.h(61,65): warning C4244: 'return': 'double'에서 'float'(으)로 변환하면서 데이터가 손실될 수 있습니다.
  (소스 파일 'src/yolov2_forward_network_quantized.c'을(를) 컴파일하는 중)
  
C:\skeleton\src\additionally.h(62,64): warning C4244: 'return': 'double'에서 'float'(으)로 변환하면서 데이터가 손실될 수 있습니다.
  (소스 파일 'src/yolov2_forward_network_quantized.c'을(를) 컴파일하는 중)
  
C:\skeleton\src\additionally.h(63,74): warning C4244: 'return': 'double'에서 'float'(으)로 변환하면서 데이터가 손실될 수 있습니다.
  (소스 파일 'src/yolov2_forward_network_quantized.c'을(를) 컴파일하는 중)
  
C:\skeleton\src\additionally.h(66,32): warning C4244: 'return': 'double'에서 'float'(으)로 변환하면서 데이터가 손실될 수 있습니다.
  (소스 파일 'src/yolov2_forward_network_quantized.c'을(를) 컴파일하는 중)
  
C:\skeleton\src\additionally.h(67,42): warning C4244: 'return': 'double'에서 'float'(으)로 변환하면서 데이터가 손실될 수 있습니다.
  (소스 파일 'src/yolov2_forward_network_quantized.c'을(를) 컴파일하는 중)
  
C:\skeleton\src\additionally.h(68,23): warning C4244: 'return': 'double'에서 'float'(으)로 변환하면서 데이터가 손실될 수 있습니다.
  (소스 파일 'src/yolov2_forward_network_quantized.c'을(를) 컴파일하는 중)
  
C:\skeleton\src\additionally.h(73,31): warning C4244: 'return': 'double'에서 'float'(으)로 변환하면서 데이터가 손실될 수 있습니다.
  (소스 파일 'src/yolov2_forward_network_quantized.c'을(를) 컴파일하는 중)
  
C:\skeleton\src\additionally.h(74,40): warning C4244: 'return': 'double'에서 'float'(으)로 변환하면서 데이터가 손실될 수 있습니다.
  (소스 파일 'src/yolov2_forward_network_quantized.c'을(를) 컴파일하는 중)
  
C:\skeleton\src\main.c(128,26): warning C4244: '초기화 중': 'double'에서 'int'(으)로 변환하면서 데이터가 손실될 수 있습니다.
C:\skeleton\src\main.c(154,36): warning C4244: '초기화 중': 'double'에서 'int'(으)로 변환하면서 데이터가 손실될 수 있습니다.
C:\skeleton\src\main.c(155,37): warning C4244: '초기화 중': 'double'에서 'int'(으)로 변환하면서 데이터가 손실될 수 있습니다.
C:\skeleton\src\main.c(156,35): warning C4244: '초기화 중': 'double'에서 'int'(으)로 변환하면서 데이터가 손실될 수 있습니다.
C:\skeleton\src\main.c(157,35): warning C4244: '초기화 중': 'double'에서 'int'(으)로 변환하면서 데이터가 손실될 수 있습니다.
C:\skeleton\src\main.c(223,19): warning C4305: '=': 'double'에서 'float'(으)로 잘립니다.
C:\skeleton\src\main.c(199,17): warning C4305: '초기화 중': 'double'에서 'float'(으)로 잘립니다.
C:\skeleton\src\yolov2_forward_network_quantized.c(193,60): warning C4244: '=': 'float'에서 'int'(으)로 변환하면서 데이터가 손실될 수 있습니다.
C:\skeleton\src\yolov2_forward_network_quantized.c(298,30): warning C4244: '=': 'double'에서 'float'(으)로 변환하면서 데이터가 손실될 수 있습니다.
C:\skeleton\src\yolov2_forward_network_quantized.c(387,68): warning C4244: '=': 'float'에서 'int'(으)로 변환하면서 데이터가 손실될 수 있습니다.
C:\skeleton\src\yolov2_forward_network_quantized.c(379,51): warning C4267: '초기화 중': 'size_t'에서 'int'(으)로 변환하면서 데이터가 손실될 수 있습니다.
C:\skeleton\src\yolov2_forward_network_quantized.c(392,87): warning C4244: '초기화 중': 'float'에서 'int'(으)로 변환하면서 데이터가 손실될 수 있습니다.
C:\skeleton\src\additionally.c(75,53): warning C4267: '초기화 중': 'size_t'에서 'int'(으)로 변환하면서 데이터가 손실될 수 있습니다.
C:\skeleton\src\additionally.c(159,31): warning C4244: '=': 'double'에서 'float'(으)로 변환하면서 데이터가 손실될 수 있습니다.
C:\skeleton\src\additionally.c(179,82): warning C4244: 'return': 'unsigned long'에서 'uint8_t'(으)로 변환하면서 데이터가 손실될 수 있습니다.
C:\skeleton\src\additionally.c(238,13): warning C4068: 알 수 없는 pragma 'unroll'
C:\skeleton\src\additionally.c(241,13): warning C4068: 알 수 없는 pragma 'unroll'
C:\skeleton\src\additionally.c(260,25): warning C4133: '함수': 'uint32_t *'과(와) 'const unsigned char *const ' 사이의 형식이 호환되지 않습니다.
C:\skeleton\src\additionally.c(260,48): warning C4133: '함수': 'uint32_t *'과(와) 'unsigned char *const ' 사이의 형식이 호환되지 않습니다.
C:\skeleton\src\additionally.c(349,19): warning C4101: 'c_pack' :참조되지 않은 지역 변수입니다.
C:\skeleton\src\additionally.c(479,21): warning C4244: '함수': 'int'에서 'float'(으)로 변환하면서 데이터가 손실될 수 있습니다.
C:\skeleton\src\additionally.c(480,21): warning C4244: '함수': 'int'에서 'float'(으)로 변환하면서 데이터가 손실될 수 있습니다.
C:\skeleton\src\additionally.c(481,21): warning C4244: '함수': 'int'에서 'float'(으)로 변환하면서 데이터가 손실될 수 있습니다.
C:\skeleton\src\additionally.c(482,21): warning C4244: '함수': 'int'에서 'float'(으)로 변환하면서 데이터가 손실될 수 있습니다.
C:\skeleton\src\additionally.c(483,21): warning C4244: '함수': 'int'에서 'float'(으)로 변환하면서 데이터가 손실될 수 있습니다.
C:\skeleton\src\additionally.c(484,21): warning C4244: '함수': 'int'에서 'float'(으)로 변환하면서 데이터가 손실될 수 있습니다.
C:\skeleton\src\additionally.c(485,21): warning C4244: '함수': 'int'에서 'float'(으)로 변환하면서 데이터가 손실될 수 있습니다.
C:\skeleton\src\additionally.c(486,21): warning C4244: '함수': 'int'에서 'float'(으)로 변환하면서 데이터가 손실될 수 있습니다.
C:\skeleton\src\additionally.c(689,42): warning C4133: '함수': 'float *'과(와) 'unsigned char *const ' 사이의 형식이 호환되지 않습니다.
C:\skeleton\src\additionally.c(703,42): warning C4133: '함수': 'float *'과(와) 'unsigned char *const ' 사이의 형식이 호환되지 않습니다.
C:\skeleton\src\additionally.c(717,42): warning C4133: '함수': 'float *'과(와) 'unsigned char *const ' 사이의 형식이 호환되지 않습니다.
C:\skeleton\src\additionally.c(731,42): warning C4133: '함수': 'float *'과(와) 'unsigned char *const ' 사이의 형식이 호환되지 않습니다.
C:\skeleton\src\additionally.c(745,42): warning C4133: '함수': 'float *'과(와) 'unsigned char *const ' 사이의 형식이 호환되지 않습니다.
C:\skeleton\src\additionally.c(677,31): warning C4133: '초기화 중': 'unsigned char *'과(와) 'uint16_t *' 사이의 형식이 호환되지 않습니다.
C:\skeleton\src\additionally.c(785,29): warning C4244: '=': 'double'에서 'float'(으)로 변환하면서 데이터가 손실될 수 있습니다.
C:\skeleton\src\additionally.c(898,45): warning C4244: 'return': 'unsigned __int64'에서 'int'(으)로 변환하면서 데이터가 손실될 수 있습니다.
C:\skeleton\src\additionally.c(935,9): warning C4244: 'return': '__int64'에서 'int'(으)로 변환하면서 데이터가 손실될 수 있습니다.
C:\skeleton\src\additionally.c(949,27): warning C4013: 'omp_get_max_threads'이(가) 정의되지 않았습니다. extern은 int형을 반환하는 것으로 간주합니다.
C:\skeleton\src\additionally.c(989,17): warning C4244: '=': '__int64'에서 'int'(으)로 변환하면서 데이터가 손실될 수 있습니다.
C:\skeleton\src\additionally.c(1377,22): warning C4267: '함수': 'size_t'에서 'int'(으)로 변환하면서 데이터가 손실될 수 있습니다.
C:\skeleton\src\additionally.c(1395,28): warning C4267: '함수': 'size_t'에서 'int'(으)로 변환하면서 데이터가 손실될 수 있습니다.
C:\skeleton\src\additionally.c(1464,19): warning C4244: '=': 'double'에서 'float'(으)로 변환하면서 데이터가 손실될 수 있습니다.
C:\skeleton\src\additionally.c(1540,15): warning C4244: 'return': 'double'에서 'float'(으)로 변환하면서 데이터가 손실될 수 있습니다.
C:\skeleton\src\additionally.c(1569,12): warning C4244: 'return': 'double'에서 'float'(으)로 변환하면서 데이터가 손실될 수 있습니다.
C:\skeleton\src\additionally.c(1580,12): warning C4244: 'return': 'double'에서 'float'(으)로 변환하면서 데이터가 손실될 수 있습니다.
C:\skeleton\src\additionally.c(1608,28): warning C4244: 'return': 'double'에서 'float'(으)로 변환하면서 데이터가 손실될 수 있습니다.
C:\skeleton\src\additionally.c(1618,24): warning C4244: 'return': 'double'에서 'float'(으)로 변환하면서 데이터가 손실될 수 있습니다.
C:\skeleton\src\additionally.c(2197,66): warning C4244: '=': 'double'에서 'float'(으)로 변환하면서 데이터가 손실될 수 있습니다.
C:\skeleton\src\additionally.c(2161,19): warning C4244: '초기화 중': 'double'에서 'float'(으)로 변환하면서 데이터가 손실될 수 있습니다.
C:\skeleton\src\additionally.c(2388,61): warning C4244: '=': 'double'에서 'float'(으)로 변환하면서 데이터가 손실될 수 있습니다.
C:\skeleton\src\additionally.c(2445,13): warning C4244: '초기화 중': 'double'에서 'int'(으)로 변환하면서 데이터가 손실될 수 있습니다.
C:\skeleton\src\additionally.c(2446,13): warning C4244: '초기화 중': 'double'에서 'int'(으)로 변환하면서 데이터가 손실될 수 있습니다.
C:\skeleton\src\additionally.c(2581,19): warning C4244: 'return': 'double'에서 'float'(으)로 변환하면서 데이터가 손실될 수 있습니다.
C:\skeleton\src\additionally.c(2589,19): warning C4244: 'return': 'double'에서 'float'(으)로 변환하면서 데이터가 손실될 수 있습니다.
C:\skeleton\src\additionally.c(2766,53): warning C4305: '함수': 'double'에서 'float'(으)로 잘립니다.
C:\skeleton\src\additionally.c(2787,19): warning C4267: '초기화 중': 'size_t'에서 'int'(으)로 변환하면서 데이터가 손실될 수 있습니다.
C:\skeleton\src\additionally.c(2794,26): warning C4244: '초기화 중': 'double'에서 'float'(으)로 변환하면서 데이터가 손실될 수 있습니다.
C:\skeleton\src\additionally.c(2807,19): warning C4267: '초기화 중': 'size_t'에서 'int'(으)로 변환하면서 데이터가 손실될 수 있습니다.
C:\skeleton\src\additionally.c(2844,53): warning C4305: '함수': 'double'에서 'float'(으)로 잘립니다.
C:\skeleton\src\additionally.c(2853,19): warning C4267: '초기화 중': 'size_t'에서 'int'(으)로 변환하면서 데이터가 손실될 수 있습니다.
C:\skeleton\src\additionally.c(2860,26): warning C4244: '초기화 중': 'double'에서 'float'(으)로 변환하면서 데이터가 손실될 수 있습니다.
C:\skeleton\src\additionally.c(2946,15): warning C4267: '초기화 중': 'size_t'에서 'int'(으)로 변환하면서 데이터가 손실될 수 있습니다.
C:\skeleton\src\additionally.c(3052,70): warning C4305: '함수': 'double'에서 'float'(으)로 잘립니다.
C:\skeleton\src\additionally.c(3053,60): warning C4305: '함수': 'double'에서 'float'(으)로 잘립니다.
C:\skeleton\src\additionally.c(3054,54): warning C4305: '함수': 'double'에서 'float'(으)로 잘립니다.
C:\skeleton\src\additionally.c(3083,52): warning C4305: '함수': 'double'에서 'float'(으)로 잘립니다.
C:\skeleton\src\additionally.c(3084,52): warning C4305: '함수': 'double'에서 'float'(으)로 잘립니다.
C:\skeleton\src\additionally.c(3085,54): warning C4305: '함수': 'double'에서 'float'(으)로 잘립니다.
C:\skeleton\src\additionally.c(3065,19): warning C4267: '초기화 중': 'size_t'에서 'int'(으)로 변환하면서 데이터가 손실될 수 있습니다.
C:\skeleton\src\additionally.c(3074,26): warning C4244: '초기화 중': 'double'에서 'float'(으)로 변환하면서 데이터가 손실될 수 있습니다.
C:\skeleton\src\additionally.c(3115,19): warning C4267: '초기화 중': 'size_t'에서 'int'(으)로 변환하면서 데이터가 손실될 수 있습니다.
C:\skeleton\src\additionally.c(3125,27): warning C4244: '초기화 중': 'double'에서 'float'(으)로 변환하면서 데이터가 손실될 수 있습니다.
C:\skeleton\src\additionally.c(3475,50): warning C4244: '=': 'double'에서 'float'(으)로 변환하면서 데이터가 손실될 수 있습니다.
C:\skeleton\src\additionally.c(3476,50): warning C4244: '=': 'double'에서 'float'(으)로 변환하면서 데이터가 손실될 수 있습니다.
C:\skeleton\src\additionally.c(3495,54): warning C4244: '=': 'double'에서 'float'(으)로 변환하면서 데이터가 손실될 수 있습니다.
C:\skeleton\src\additionally.c(3496,58): warning C4244: '=': 'double'에서 'float'(으)로 변환하면서 데이터가 손실될 수 있습니다.
C:\skeleton\src\additionally.c(3748,11): warning C4244: '함수': 'time_t'에서 'unsigned int'(으)로 변환하면서 데이터가 손실될 수 있습니다.
C:\skeleton\src\additionally.c(3767,26): warning C4305: '초기화 중': 'double'에서 'const float'(으)로 잘립니다.
C:\skeleton\src\additionally.c(3768,17): warning C4305: '초기화 중': 'double'에서 'float'(으)로 잘립니다.
  코드를 생성하고 있습니다.
  Previous IPDB not found, fall back to full compilation.
  All 334 functions were compiled because no usable IPDB/IOBJ from previous compilation was found.
  코드를 생성했습니다.
  yolo_cpu.vcxproj -> C:\skeleton\bin\yolo_cpu.exe
